#
# There is insufficient memory for the Java Runtime Environment to continue.
# Native memory allocation (malloc) failed to allocate 1542096 bytes for Chunk::new
# Possible reasons:
#   The system is out of physical RAM or swap space
#   The process is running with CompressedOops enabled, and the Java Heap may be blocking the growth of the native heap
# Possible solutions:
#   Reduce memory load on the system
#   Increase physical memory or swap space
#   Check if swap backing store is full
#   Decrease Java heap size (-Xmx/-Xms)
#   Decrease number of Java threads
#   Decrease Java thread stack sizes (-Xss)
#   Set larger code cache with -XX:ReservedCodeCacheSize=
#   JVM is running with Unscaled Compressed Oops mode in which the Java heap is
#     placed in the first 4GB address space. The Java Heap base address is the
#     maximum limit for the native heap growth. Please use -XX:HeapBaseMinAddress
#     to set the Java Heap base and to place the Java Heap above 4GB virtual address.
# This output file may be truncated or incomplete.
#
#  Out of Memory Error (arena.cpp:184), pid=2864, tid=928
#
# JRE version: Java(TM) SE Runtime Environment (18.0.2+9) (build 18.0.2+9-61)
# Java VM: Java HotSpot(TM) 64-Bit Server VM (18.0.2+9-61, mixed mode, sharing, tiered, compressed oops, compressed class ptrs, g1 gc, windows-amd64)
# No core dump will be written. Minidumps are not enabled by default on client versions of Windows
#

---------------  S U M M A R Y ------------

Command Line: -ea -Didea.test.cyclic.buffer.size=1048576 -javaagent:C:\Users\hanna\AppData\Local\JetBrains\Toolbox\apps\IDEA-C\ch-0\223.8214.52\lib\idea_rt.jar=57687:C:\Users\hanna\AppData\Local\JetBrains\Toolbox\apps\IDEA-C\ch-0\223.8214.52\bin -Dfile.encoding=UTF-8 -Dsun.stdout.encoding=UTF-8 -Dsun.stderr.encoding=UTF-8 com.intellij.rt.junit.JUnitStarter -ideVersion5 -junit4 com.genspark.studentmanagement.service.StudentServiceTest,getAllStudentsTest

Host: Intel(R) Core(TM) i7-2760QM CPU @ 2.40GHz, 8 cores, 7G,  Windows 10 , 64 bit Build 16299 (10.0.16299.15)
Time: Thu Feb  2 13:30:47 2023 Central Standard Time elapsed time: 3.414700 seconds (0d 0h 0m 3s)

---------------  T H R E A D  ---------------

Current thread (0x000001311d7a2940):  JavaThread "C2 CompilerThread0" daemon [_thread_in_native, id=928, stack(0x0000000f19e00000,0x0000000f19f00000)]


Current CompileTask:
C2:   3414 2483   !   4       jdk.internal.loader.BuiltinClassLoader::loadClassOrNull (143 bytes)

Stack: [0x0000000f19e00000,0x0000000f19f00000]
Native frames: (J=compiled Java code, j=interpreted, Vv=VM code, C=native code)
V  [jvm.dll+0x6993ca]
V  [jvm.dll+0x7f481d]
V  [jvm.dll+0x7f612e]
V  [jvm.dll+0x7f67e3]
V  [jvm.dll+0x25cdaf]
V  [jvm.dll+0xb8c2f]
V  [jvm.dll+0xb8fa5]
V  [jvm.dll+0x386091]
V  [jvm.dll+0x34fd01]
V  [jvm.dll+0x34f19a]
V  [jvm.dll+0x22ff51]
V  [jvm.dll+0x22f321]
V  [jvm.dll+0x1ba01c]
V  [jvm.dll+0x23ec9a]
V  [jvm.dll+0x23cf85]
V  [jvm.dll+0x7a6e21]
V  [jvm.dll+0x7a125a]
V  [jvm.dll+0x698275]
C  [ucrtbase.dll+0x1d885]
C  [KERNEL32.DLL+0x11fe4]
C  [ntdll.dll+0x6ef91]


---------------  P R O C E S S  ---------------

Threads class SMR info:
_java_thread_list=0x0000013123749ef0, length=14, elements={
0x000001317fd39700, 0x000001311d78d430, 0x000001311d78e1d0, 0x000001311d79e780,
0x000001311d79f3e0, 0x000001311d7a1190, 0x000001311d7a1b30, 0x000001311d7a2940,
0x000001311d7b6f20, 0x0000013122100060, 0x000001311d777ee0, 0x0000013122232ea0,
0x0000013122262400, 0x00000131222ee820
}

Java Threads: ( => current thread )
  0x000001317fd39700 JavaThread "main" [_thread_in_Java, id=5528, stack(0x0000000f19100000,0x0000000f19200000)]
  0x000001311d78d430 JavaThread "Reference Handler" daemon [_thread_blocked, id=3188, stack(0x0000000f19800000,0x0000000f19900000)]
  0x000001311d78e1d0 JavaThread "Finalizer" daemon [_thread_blocked, id=224, stack(0x0000000f19900000,0x0000000f19a00000)]
  0x000001311d79e780 JavaThread "Signal Dispatcher" daemon [_thread_blocked, id=5696, stack(0x0000000f19a00000,0x0000000f19b00000)]
  0x000001311d79f3e0 JavaThread "Attach Listener" daemon [_thread_blocked, id=10212, stack(0x0000000f19b00000,0x0000000f19c00000)]
  0x000001311d7a1190 JavaThread "Service Thread" daemon [_thread_blocked, id=9348, stack(0x0000000f19c00000,0x0000000f19d00000)]
  0x000001311d7a1b30 JavaThread "Monitor Deflation Thread" daemon [_thread_blocked, id=5564, stack(0x0000000f19d00000,0x0000000f19e00000)]
=>0x000001311d7a2940 JavaThread "C2 CompilerThread0" daemon [_thread_in_native, id=928, stack(0x0000000f19e00000,0x0000000f19f00000)]
  0x000001311d7b6f20 JavaThread "C1 CompilerThread0" daemon [_thread_blocked, id=6568, stack(0x0000000f19f00000,0x0000000f1a000000)]
  0x0000013122100060 JavaThread "Sweeper thread" daemon [_thread_blocked, id=8524, stack(0x0000000f1a000000,0x0000000f1a100000)]
  0x000001311d777ee0 JavaThread "Common-Cleaner" daemon [_thread_blocked, id=4412, stack(0x0000000f1a100000,0x0000000f1a200000)]
  0x0000013122232ea0 JavaThread "Monitor Ctrl-Break" daemon [_thread_in_native, id=3060, stack(0x0000000f1a200000,0x0000000f1a300000)]
  0x0000013122262400 JavaThread "Notification Thread" daemon [_thread_blocked, id=3540, stack(0x0000000f1a300000,0x0000000f1a400000)]
  0x00000131222ee820 JavaThread "C2 CompilerThread1" daemon [_thread_blocked, id=10396, stack(0x0000000f1a500000,0x0000000f1a600000)]

Other Threads:
  0x000001311d60ca00 VMThread "VM Thread" [stack: 0x0000000f19700000,0x0000000f19800000] [id=6868]
  0x0000013122262ad0 WatcherThread "VM Periodic Task Thread" [stack: 0x0000000f1a400000,0x0000000f1a500000] [id=3160]
  0x000001317fd98d70 WorkerThread "GC Thread#0" [stack: 0x0000000f19200000,0x0000000f19300000] [id=5868]
  0x0000013122f82c80 WorkerThread "GC Thread#1" [stack: 0x0000000f1a900000,0x0000000f1aa00000] [id=812]
  0x0000013122ef9530 WorkerThread "GC Thread#2" [stack: 0x0000000f1aa00000,0x0000000f1ab00000] [id=6344]
  0x0000013122f6a050 WorkerThread "GC Thread#3" [stack: 0x0000000f1ab00000,0x0000000f1ac00000] [id=6608]
  0x0000013122f04ed0 WorkerThread "GC Thread#4" [stack: 0x0000000f1ac00000,0x0000000f1ad00000] [id=6104]
  0x0000013122f05980 WorkerThread "GC Thread#5" [stack: 0x0000000f1ad00000,0x0000000f1ae00000] [id=9784]
  0x0000013122f05c20 WorkerThread "GC Thread#6" [stack: 0x0000000f1ae00000,0x0000000f1af00000] [id=10864]
  0x0000013122f05ec0 WorkerThread "GC Thread#7" [stack: 0x0000000f1af00000,0x0000000f1b000000] [id=3192]
  0x000001317fda9920 ConcurrentGCThread "G1 Main Marker" [stack: 0x0000000f19300000,0x0000000f19400000] [id=6436]
  0x000001317fdaaed0 WorkerThread "G1 Conc#0" [stack: 0x0000000f19400000,0x0000000f19500000] [id=3300]
  0x000001311d638840 ConcurrentGCThread "G1 Refine#0" [stack: 0x0000000f19500000,0x0000000f19600000] [id=8124]
  0x0000013122a54820 ConcurrentGCThread "G1 Refine#1" [stack: 0x0000000f1b000000,0x0000000f1b100000] [id=2568]
  0x000001311d639150 ConcurrentGCThread "G1 Service" [stack: 0x0000000f19600000,0x0000000f19700000] [id=4612]

Threads with active compile tasks:
C2 CompilerThread0     3443 2483   !   4       jdk.internal.loader.BuiltinClassLoader::loadClassOrNull (143 bytes)

VM state: not at safepoint (normal execution)

VM Mutex/Monitor currently owned by a thread: None

Heap address: 0x0000000081c00000, size: 2020 MB, Compressed Oops mode: 32-bit

CDS archive(s) mapped at: [0x0000000800000000-0x0000000800ba0000-0x0000000800ba0000), size 12189696, SharedBaseAddress: 0x0000000800000000, ArchiveRelocationMode: 0.
Compressed class space mapped at: 0x0000000800c00000-0x0000000840c00000, reserved size: 1073741824
Narrow klass base: 0x0000000800000000, Narrow klass shift: 0, Narrow klass range: 0x100000000

GC Precious Log:
 CardTable entry size: 512
 Card Set container configuration: InlinePtr #cards 5 size 8 Array Of Cards #cards 12 size 40 Howl #buckets 4 coarsen threshold 1843 Howl Bitmap #cards 512 size 80 coarsen threshold 460 Card regions per heap region 1 cards per card region 2048
 CPUs: 8 total, 8 available
 Memory: 8072M
 Large Page Support: Disabled
 NUMA Support: Disabled
 Compressed Oops: Enabled (32-bit)
 Heap Region Size: 1M
 Heap Min Capacity: 8M
 Heap Initial Capacity: 128M
 Heap Max Capacity: 2020M
 Pre-touch: Disabled
 Parallel Workers: 8
 Concurrent Workers: 2
 Concurrent Refinement Workers: 8
 Periodic GC: Disabled

Heap:
 garbage-first heap   total 131072K, used 49409K [0x0000000081c00000, 0x0000000100000000)
  region size 1024K, 42 young (43008K), 2 survivors (2048K)
 Metaspace       used 19328K, committed 19520K, reserved 1114112K
  class space    used 2319K, committed 2432K, reserved 1048576K

Heap Regions: E=young(eden), S=young(survivor), O=old, HS=humongous(starts), HC=humongous(continues), CS=collection set, F=free, OA=open archive, CA=closed archive, TAMS=top-at-mark-start (previous, next)
|   0|0x0000000081c00000, 0x0000000081d00000, 0x0000000081d00000|100%|HS|  |TAMS 0x0000000081c00000, 0x0000000081c00000| Complete 
|   1|0x0000000081d00000, 0x0000000081e00000, 0x0000000081e00000|100%| O|  |TAMS 0x0000000081d00000, 0x0000000081d00000| Untracked 
|   2|0x0000000081e00000, 0x0000000081f00000, 0x0000000081f00000|100%| O|  |TAMS 0x0000000081e00000, 0x0000000081e00000| Untracked 
|   3|0x0000000081f00000, 0x0000000082000000, 0x0000000082000000|100%| O|  |TAMS 0x0000000081f00000, 0x0000000081f00000| Untracked 
|   4|0x0000000082000000, 0x0000000082100000, 0x0000000082100000|100%| O|  |TAMS 0x0000000082000000, 0x0000000082000000| Untracked 
|   5|0x0000000082100000, 0x0000000082200000, 0x0000000082200000|100%| O|  |TAMS 0x0000000082100000, 0x0000000082100000| Untracked 
|   6|0x0000000082200000, 0x0000000082300000, 0x0000000082300000|100%| O|  |TAMS 0x0000000082200000, 0x0000000082200000| Untracked 
|   7|0x0000000082300000, 0x0000000082400000, 0x0000000082400000|100%| O|  |TAMS 0x0000000082300000, 0x0000000082300000| Untracked 
|   8|0x0000000082400000, 0x0000000082470600, 0x0000000082500000| 43%| O|  |TAMS 0x0000000082400000, 0x0000000082400000| Untracked 
|   9|0x0000000082500000, 0x0000000082500000, 0x0000000082600000|  0%| F|  |TAMS 0x0000000082500000, 0x0000000082500000| Untracked 
|  10|0x0000000082600000, 0x0000000082600000, 0x0000000082700000|  0%| F|  |TAMS 0x0000000082600000, 0x0000000082600000| Untracked 
|  11|0x0000000082700000, 0x0000000082700000, 0x0000000082800000|  0%| F|  |TAMS 0x0000000082700000, 0x0000000082700000| Untracked 
|  12|0x0000000082800000, 0x0000000082800000, 0x0000000082900000|  0%| F|  |TAMS 0x0000000082800000, 0x0000000082800000| Untracked 
|  13|0x0000000082900000, 0x0000000082900000, 0x0000000082a00000|  0%| F|  |TAMS 0x0000000082900000, 0x0000000082900000| Untracked 
|  14|0x0000000082a00000, 0x0000000082a00000, 0x0000000082b00000|  0%| F|  |TAMS 0x0000000082a00000, 0x0000000082a00000| Untracked 
|  15|0x0000000082b00000, 0x0000000082b00000, 0x0000000082c00000|  0%| F|  |TAMS 0x0000000082b00000, 0x0000000082b00000| Untracked 
|  16|0x0000000082c00000, 0x0000000082c00000, 0x0000000082d00000|  0%| F|  |TAMS 0x0000000082c00000, 0x0000000082c00000| Untracked 
|  17|0x0000000082d00000, 0x0000000082d00000, 0x0000000082e00000|  0%| F|  |TAMS 0x0000000082d00000, 0x0000000082d00000| Untracked 
|  18|0x0000000082e00000, 0x0000000082e00000, 0x0000000082f00000|  0%| F|  |TAMS 0x0000000082e00000, 0x0000000082e00000| Untracked 
|  19|0x0000000082f00000, 0x0000000082f00000, 0x0000000083000000|  0%| F|  |TAMS 0x0000000082f00000, 0x0000000082f00000| Untracked 
|  20|0x0000000083000000, 0x0000000083000000, 0x0000000083100000|  0%| F|  |TAMS 0x0000000083000000, 0x0000000083000000| Untracked 
|  21|0x0000000083100000, 0x0000000083100000, 0x0000000083200000|  0%| F|  |TAMS 0x0000000083100000, 0x0000000083100000| Untracked 
|  22|0x0000000083200000, 0x0000000083200000, 0x0000000083300000|  0%| F|  |TAMS 0x0000000083200000, 0x0000000083200000| Untracked 
|  23|0x0000000083300000, 0x0000000083300000, 0x0000000083400000|  0%| F|  |TAMS 0x0000000083300000, 0x0000000083300000| Untracked 
|  24|0x0000000083400000, 0x0000000083400000, 0x0000000083500000|  0%| F|  |TAMS 0x0000000083400000, 0x0000000083400000| Untracked 
|  25|0x0000000083500000, 0x0000000083500000, 0x0000000083600000|  0%| F|  |TAMS 0x0000000083500000, 0x0000000083500000| Untracked 
|  26|0x0000000083600000, 0x0000000083600000, 0x0000000083700000|  0%| F|  |TAMS 0x0000000083600000, 0x0000000083600000| Untracked 
|  27|0x0000000083700000, 0x0000000083700000, 0x0000000083800000|  0%| F|  |TAMS 0x0000000083700000, 0x0000000083700000| Untracked 
|  28|0x0000000083800000, 0x0000000083800000, 0x0000000083900000|  0%| F|  |TAMS 0x0000000083800000, 0x0000000083800000| Untracked 
|  29|0x0000000083900000, 0x0000000083900000, 0x0000000083a00000|  0%| F|  |TAMS 0x0000000083900000, 0x0000000083900000| Untracked 
|  30|0x0000000083a00000, 0x0000000083a00000, 0x0000000083b00000|  0%| F|  |TAMS 0x0000000083a00000, 0x0000000083a00000| Untracked 
|  31|0x0000000083b00000, 0x0000000083b00000, 0x0000000083c00000|  0%| F|  |TAMS 0x0000000083b00000, 0x0000000083b00000| Untracked 
|  32|0x0000000083c00000, 0x0000000083c00000, 0x0000000083d00000|  0%| F|  |TAMS 0x0000000083c00000, 0x0000000083c00000| Untracked 
|  33|0x0000000083d00000, 0x0000000083d00000, 0x0000000083e00000|  0%| F|  |TAMS 0x0000000083d00000, 0x0000000083d00000| Untracked 
|  34|0x0000000083e00000, 0x0000000083e00000, 0x0000000083f00000|  0%| F|  |TAMS 0x0000000083e00000, 0x0000000083e00000| Untracked 
|  35|0x0000000083f00000, 0x0000000083f00000, 0x0000000084000000|  0%| F|  |TAMS 0x0000000083f00000, 0x0000000083f00000| Untracked 
|  36|0x0000000084000000, 0x0000000084000000, 0x0000000084100000|  0%| F|  |TAMS 0x0000000084000000, 0x0000000084000000| Untracked 
|  37|0x0000000084100000, 0x0000000084100000, 0x0000000084200000|  0%| F|  |TAMS 0x0000000084100000, 0x0000000084100000| Untracked 
|  38|0x0000000084200000, 0x0000000084200000, 0x0000000084300000|  0%| F|  |TAMS 0x0000000084200000, 0x0000000084200000| Untracked 
|  39|0x0000000084300000, 0x0000000084300000, 0x0000000084400000|  0%| F|  |TAMS 0x0000000084300000, 0x0000000084300000| Untracked 
|  40|0x0000000084400000, 0x0000000084400000, 0x0000000084500000|  0%| F|  |TAMS 0x0000000084400000, 0x0000000084400000| Untracked 
|  41|0x0000000084500000, 0x0000000084500000, 0x0000000084600000|  0%| F|  |TAMS 0x0000000084500000, 0x0000000084500000| Untracked 
|  42|0x0000000084600000, 0x0000000084600000, 0x0000000084700000|  0%| F|  |TAMS 0x0000000084600000, 0x0000000084600000| Untracked 
|  43|0x0000000084700000, 0x0000000084700000, 0x0000000084800000|  0%| F|  |TAMS 0x0000000084700000, 0x0000000084700000| Untracked 
|  44|0x0000000084800000, 0x0000000084800000, 0x0000000084900000|  0%| F|  |TAMS 0x0000000084800000, 0x0000000084800000| Untracked 
|  45|0x0000000084900000, 0x0000000084900000, 0x0000000084a00000|  0%| F|  |TAMS 0x0000000084900000, 0x0000000084900000| Untracked 
|  46|0x0000000084a00000, 0x0000000084a00000, 0x0000000084b00000|  0%| F|  |TAMS 0x0000000084a00000, 0x0000000084a00000| Untracked 
|  47|0x0000000084b00000, 0x0000000084b00000, 0x0000000084c00000|  0%| F|  |TAMS 0x0000000084b00000, 0x0000000084b00000| Untracked 
|  48|0x0000000084c00000, 0x0000000084c00000, 0x0000000084d00000|  0%| F|  |TAMS 0x0000000084c00000, 0x0000000084c00000| Untracked 
|  49|0x0000000084d00000, 0x0000000084d00000, 0x0000000084e00000|  0%| F|  |TAMS 0x0000000084d00000, 0x0000000084d00000| Untracked 
|  50|0x0000000084e00000, 0x0000000084e00000, 0x0000000084f00000|  0%| F|  |TAMS 0x0000000084e00000, 0x0000000084e00000| Untracked 
|  51|0x0000000084f00000, 0x0000000084f00000, 0x0000000085000000|  0%| F|  |TAMS 0x0000000084f00000, 0x0000000084f00000| Untracked 
|  52|0x0000000085000000, 0x0000000085000000, 0x0000000085100000|  0%| F|  |TAMS 0x0000000085000000, 0x0000000085000000| Untracked 
|  53|0x0000000085100000, 0x0000000085100000, 0x0000000085200000|  0%| F|  |TAMS 0x0000000085100000, 0x0000000085100000| Untracked 
|  54|0x0000000085200000, 0x0000000085200000, 0x0000000085300000|  0%| F|  |TAMS 0x0000000085200000, 0x0000000085200000| Untracked 
|  55|0x0000000085300000, 0x0000000085300000, 0x0000000085400000|  0%| F|  |TAMS 0x0000000085300000, 0x0000000085300000| Untracked 
|  56|0x0000000085400000, 0x0000000085400000, 0x0000000085500000|  0%| F|  |TAMS 0x0000000085400000, 0x0000000085400000| Untracked 
|  57|0x0000000085500000, 0x0000000085500000, 0x0000000085600000|  0%| F|  |TAMS 0x0000000085500000, 0x0000000085500000| Untracked 
|  58|0x0000000085600000, 0x0000000085600000, 0x0000000085700000|  0%| F|  |TAMS 0x0000000085600000, 0x0000000085600000| Untracked 
|  59|0x0000000085700000, 0x0000000085700000, 0x0000000085800000|  0%| F|  |TAMS 0x0000000085700000, 0x0000000085700000| Untracked 
|  60|0x0000000085800000, 0x0000000085800000, 0x0000000085900000|  0%| F|  |TAMS 0x0000000085800000, 0x0000000085800000| Untracked 
|  61|0x0000000085900000, 0x0000000085900000, 0x0000000085a00000|  0%| F|  |TAMS 0x0000000085900000, 0x0000000085900000| Untracked 
|  62|0x0000000085a00000, 0x0000000085a00000, 0x0000000085b00000|  0%| F|  |TAMS 0x0000000085a00000, 0x0000000085a00000| Untracked 
|  63|0x0000000085b00000, 0x0000000085b00000, 0x0000000085c00000|  0%| F|  |TAMS 0x0000000085b00000, 0x0000000085b00000| Untracked 
|  64|0x0000000085c00000, 0x0000000085c00000, 0x0000000085d00000|  0%| F|  |TAMS 0x0000000085c00000, 0x0000000085c00000| Untracked 
|  65|0x0000000085d00000, 0x0000000085d00000, 0x0000000085e00000|  0%| F|  |TAMS 0x0000000085d00000, 0x0000000085d00000| Untracked 
|  66|0x0000000085e00000, 0x0000000085e00000, 0x0000000085f00000|  0%| F|  |TAMS 0x0000000085e00000, 0x0000000085e00000| Untracked 
|  67|0x0000000085f00000, 0x0000000085f00000, 0x0000000086000000|  0%| F|  |TAMS 0x0000000085f00000, 0x0000000085f00000| Untracked 
|  68|0x0000000086000000, 0x0000000086000000, 0x0000000086100000|  0%| F|  |TAMS 0x0000000086000000, 0x0000000086000000| Untracked 
|  69|0x0000000086100000, 0x0000000086100000, 0x0000000086200000|  0%| F|  |TAMS 0x0000000086100000, 0x0000000086100000| Untracked 
|  70|0x0000000086200000, 0x0000000086200000, 0x0000000086300000|  0%| F|  |TAMS 0x0000000086200000, 0x0000000086200000| Untracked 
|  71|0x0000000086300000, 0x0000000086300000, 0x0000000086400000|  0%| F|  |TAMS 0x0000000086300000, 0x0000000086300000| Untracked 
|  72|0x0000000086400000, 0x0000000086400000, 0x0000000086500000|  0%| F|  |TAMS 0x0000000086400000, 0x0000000086400000| Untracked 
|  73|0x0000000086500000, 0x0000000086500000, 0x0000000086600000|  0%| F|  |TAMS 0x0000000086500000, 0x0000000086500000| Untracked 
|  74|0x0000000086600000, 0x0000000086600000, 0x0000000086700000|  0%| F|  |TAMS 0x0000000086600000, 0x0000000086600000| Untracked 
|  75|0x0000000086700000, 0x0000000086700000, 0x0000000086800000|  0%| F|  |TAMS 0x0000000086700000, 0x0000000086700000| Untracked 
|  76|0x0000000086800000, 0x0000000086800000, 0x0000000086900000|  0%| F|  |TAMS 0x0000000086800000, 0x0000000086800000| Untracked 
|  77|0x0000000086900000, 0x0000000086900000, 0x0000000086a00000|  0%| F|  |TAMS 0x0000000086900000, 0x0000000086900000| Untracked 
|  78|0x0000000086a00000, 0x0000000086a00000, 0x0000000086b00000|  0%| F|  |TAMS 0x0000000086a00000, 0x0000000086a00000| Untracked 
|  79|0x0000000086b00000, 0x0000000086b00000, 0x0000000086c00000|  0%| F|  |TAMS 0x0000000086b00000, 0x0000000086b00000| Untracked 
|  80|0x0000000086c00000, 0x0000000086c00000, 0x0000000086d00000|  0%| F|  |TAMS 0x0000000086c00000, 0x0000000086c00000| Untracked 
|  81|0x0000000086d00000, 0x0000000086d00000, 0x0000000086e00000|  0%| F|  |TAMS 0x0000000086d00000, 0x0000000086d00000| Untracked 
|  82|0x0000000086e00000, 0x0000000086e00000, 0x0000000086f00000|  0%| F|  |TAMS 0x0000000086e00000, 0x0000000086e00000| Untracked 
|  83|0x0000000086f00000, 0x0000000086f00000, 0x0000000087000000|  0%| F|  |TAMS 0x0000000086f00000, 0x0000000086f00000| Untracked 
|  84|0x0000000087000000, 0x0000000087000000, 0x0000000087100000|  0%| F|  |TAMS 0x0000000087000000, 0x0000000087000000| Untracked 
|  85|0x0000000087100000, 0x0000000087100000, 0x0000000087200000|  0%| F|  |TAMS 0x0000000087100000, 0x0000000087100000| Untracked 
|  86|0x0000000087200000, 0x000000008727b310, 0x0000000087300000| 48%| E|  |TAMS 0x0000000087200000, 0x0000000087200000| Complete 
|  87|0x0000000087300000, 0x0000000087400000, 0x0000000087400000|100%| E|CS|TAMS 0x0000000087300000, 0x0000000087300000| Complete 
|  88|0x0000000087400000, 0x0000000087500000, 0x0000000087500000|100%| E|CS|TAMS 0x0000000087400000, 0x0000000087400000| Complete 
|  89|0x0000000087500000, 0x0000000087600000, 0x0000000087600000|100%| E|CS|TAMS 0x0000000087500000, 0x0000000087500000| Complete 
|  90|0x0000000087600000, 0x0000000087700000, 0x0000000087700000|100%| E|CS|TAMS 0x0000000087600000, 0x0000000087600000| Complete 
|  91|0x0000000087700000, 0x0000000087800000, 0x0000000087800000|100%| E|CS|TAMS 0x0000000087700000, 0x0000000087700000| Complete 
|  92|0x0000000087800000, 0x0000000087900000, 0x0000000087900000|100%| E|CS|TAMS 0x0000000087800000, 0x0000000087800000| Complete 
|  93|0x0000000087900000, 0x0000000087a00000, 0x0000000087a00000|100%| E|CS|TAMS 0x0000000087900000, 0x0000000087900000| Complete 
|  94|0x0000000087a00000, 0x0000000087b00000, 0x0000000087b00000|100%| E|CS|TAMS 0x0000000087a00000, 0x0000000087a00000| Complete 
|  95|0x0000000087b00000, 0x0000000087c00000, 0x0000000087c00000|100%| E|CS|TAMS 0x0000000087b00000, 0x0000000087b00000| Complete 
|  96|0x0000000087c00000, 0x0000000087d00000, 0x0000000087d00000|100%| E|CS|TAMS 0x0000000087c00000, 0x0000000087c00000| Complete 
|  97|0x0000000087d00000, 0x0000000087e00000, 0x0000000087e00000|100%| E|CS|TAMS 0x0000000087d00000, 0x0000000087d00000| Complete 
|  98|0x0000000087e00000, 0x0000000087f00000, 0x0000000087f00000|100%| E|CS|TAMS 0x0000000087e00000, 0x0000000087e00000| Complete 
|  99|0x0000000087f00000, 0x0000000088000000, 0x0000000088000000|100%| E|CS|TAMS 0x0000000087f00000, 0x0000000087f00000| Complete 
| 100|0x0000000088000000, 0x00000000880cff20, 0x0000000088100000| 81%| S|CS|TAMS 0x0000000088000000, 0x0000000088000000| Complete 
| 101|0x0000000088100000, 0x0000000088200000, 0x0000000088200000|100%| S|CS|TAMS 0x0000000088100000, 0x0000000088100000| Complete 
| 102|0x0000000088200000, 0x0000000088300000, 0x0000000088300000|100%| E|CS|TAMS 0x0000000088200000, 0x0000000088200000| Complete 
| 103|0x0000000088300000, 0x0000000088400000, 0x0000000088400000|100%| E|CS|TAMS 0x0000000088300000, 0x0000000088300000| Complete 
| 104|0x0000000088400000, 0x0000000088500000, 0x0000000088500000|100%| E|CS|TAMS 0x0000000088400000, 0x0000000088400000| Complete 
| 105|0x0000000088500000, 0x0000000088600000, 0x0000000088600000|100%| E|CS|TAMS 0x0000000088500000, 0x0000000088500000| Complete 
| 106|0x0000000088600000, 0x0000000088700000, 0x0000000088700000|100%| E|CS|TAMS 0x0000000088600000, 0x0000000088600000| Complete 
| 107|0x0000000088700000, 0x0000000088800000, 0x0000000088800000|100%| E|CS|TAMS 0x0000000088700000, 0x0000000088700000| Complete 
| 108|0x0000000088800000, 0x0000000088900000, 0x0000000088900000|100%| E|CS|TAMS 0x0000000088800000, 0x0000000088800000| Complete 
| 109|0x0000000088900000, 0x0000000088a00000, 0x0000000088a00000|100%| E|CS|TAMS 0x0000000088900000, 0x0000000088900000| Complete 
| 110|0x0000000088a00000, 0x0000000088b00000, 0x0000000088b00000|100%| E|CS|TAMS 0x0000000088a00000, 0x0000000088a00000| Complete 
| 111|0x0000000088b00000, 0x0000000088c00000, 0x0000000088c00000|100%| E|CS|TAMS 0x0000000088b00000, 0x0000000088b00000| Complete 
| 112|0x0000000088c00000, 0x0000000088d00000, 0x0000000088d00000|100%| E|CS|TAMS 0x0000000088c00000, 0x0000000088c00000| Complete 
| 113|0x0000000088d00000, 0x0000000088e00000, 0x0000000088e00000|100%| E|CS|TAMS 0x0000000088d00000, 0x0000000088d00000| Complete 
| 114|0x0000000088e00000, 0x0000000088f00000, 0x0000000088f00000|100%| E|CS|TAMS 0x0000000088e00000, 0x0000000088e00000| Complete 
| 115|0x0000000088f00000, 0x0000000089000000, 0x0000000089000000|100%| E|CS|TAMS 0x0000000088f00000, 0x0000000088f00000| Complete 
| 116|0x0000000089000000, 0x0000000089100000, 0x0000000089100000|100%| E|CS|TAMS 0x0000000089000000, 0x0000000089000000| Complete 
| 117|0x0000000089100000, 0x0000000089200000, 0x0000000089200000|100%| E|CS|TAMS 0x0000000089100000, 0x0000000089100000| Complete 
| 118|0x0000000089200000, 0x0000000089300000, 0x0000000089300000|100%| E|CS|TAMS 0x0000000089200000, 0x0000000089200000| Complete 
| 119|0x0000000089300000, 0x0000000089400000, 0x0000000089400000|100%| E|CS|TAMS 0x0000000089300000, 0x0000000089300000| Complete 
| 120|0x0000000089400000, 0x0000000089500000, 0x0000000089500000|100%| E|CS|TAMS 0x0000000089400000, 0x0000000089400000| Complete 
| 121|0x0000000089500000, 0x0000000089600000, 0x0000000089600000|100%| E|CS|TAMS 0x0000000089500000, 0x0000000089500000| Complete 
| 122|0x0000000089600000, 0x0000000089700000, 0x0000000089700000|100%| E|CS|TAMS 0x0000000089600000, 0x0000000089600000| Complete 
| 123|0x0000000089700000, 0x0000000089800000, 0x0000000089800000|100%| E|CS|TAMS 0x0000000089700000, 0x0000000089700000| Complete 
| 124|0x0000000089800000, 0x0000000089900000, 0x0000000089900000|100%| E|CS|TAMS 0x0000000089800000, 0x0000000089800000| Complete 
| 125|0x0000000089900000, 0x0000000089a00000, 0x0000000089a00000|100%| E|CS|TAMS 0x0000000089900000, 0x0000000089900000| Complete 
| 126|0x0000000089a00000, 0x0000000089b00000, 0x0000000089b00000|100%| E|CS|TAMS 0x0000000089a00000, 0x0000000089a00000| Complete 
| 127|0x0000000089b00000, 0x0000000089c00000, 0x0000000089c00000|100%| E|  |TAMS 0x0000000089b00000, 0x0000000089b00000| Complete 

Card table byte_map: [0x0000013116d90000,0x0000013117190000] _byte_map_base: 0x0000013116982000

Marking Bits (Prev, Next): (CMBitMap*) 0x000001317fd99370, (CMBitMap*) 0x000001317fd993b0
 Prev Bits: [0x0000013117590000, 0x0000013119520000)
 Next Bits: [0x0000013119520000, 0x000001311b4b0000)

Polling page: 0x000001317dcc0000

Metaspace:

Usage:
  Non-class:     16.65 MB used.
      Class:      2.27 MB used.
       Both:     18.92 MB used.

Virtual space:
  Non-class space:       64.00 MB reserved,      16.75 MB ( 26%) committed,  1 nodes.
      Class space:        1.00 GB reserved,       2.44 MB ( <1%) committed,  1 nodes.
             Both:        1.06 GB reserved,      19.19 MB (  2%) committed. 

Chunk freelists:
   Non-Class:  2.83 MB
       Class:  1.55 MB
        Both:  4.38 MB

MaxMetaspaceSize: unlimited
CompressedClassSpaceSize: 1.00 GB
Initial GC threshold: 21.00 MB
Current GC threshold: 21.00 MB
CDS: on
MetaspaceReclaimPolicy: balanced
 - commit_granule_bytes: 65536.
 - commit_granule_words: 8192.
 - virtual_space_node_default_size: 8388608.
 - enlarge_chunks_in_place: 1.
 - new_chunks_are_fully_committed: 0.
 - uncommit_free_chunks: 1.
 - use_allocation_guard: 0.


Internal statistics:

num_allocs_failed_limit: 0.
num_arena_births: 204.
num_arena_deaths: 0.
num_vsnodes_births: 2.
num_vsnodes_deaths: 0.
num_space_committed: 307.
num_space_uncommitted: 0.
num_chunks_returned_to_freelist: 0.
num_chunks_taken_from_freelist: 858.
num_chunk_merges: 0.
num_chunk_splits: 583.
num_chunks_enlarged: 472.
num_inconsistent_stats: 0.

CodeHeap 'non-profiled nmethods': size=120000Kb used=1040Kb max_used=1040Kb free=118959Kb
 bounds [0x000001310f340000, 0x000001310f5b0000, 0x0000013116870000]
CodeHeap 'profiled nmethods': size=120000Kb used=5568Kb max_used=5568Kb free=114431Kb
 bounds [0x0000013107e10000, 0x0000013108390000, 0x000001310f340000]
CodeHeap 'non-nmethods': size=5760Kb used=1192Kb max_used=1226Kb free=4567Kb
 bounds [0x0000013107870000, 0x0000013107ae0000, 0x0000013107e10000]
 total_blobs=3139 nmethods=2665 adapters=386
 compilation: enabled
              stopped_count=0, restarted_count=0
 full_count=0

Compilation events (20 events):
Event: 3.397 Thread 0x000001311d7b6f20 2650       3       org.springframework.core.annotation.AbstractMergedAnnotation::asAnnotationAttributes (14 bytes)
Event: 3.398 Thread 0x000001311d7b6f20 nmethod 2650 0x0000013108378c90 code [0x0000013108378e60, 0x00000131083792a8]
Event: 3.398 Thread 0x000001311d7b6f20 2651       1       org.springframework.beans.factory.support.AbstractBeanDefinition::getFactoryMethodName (5 bytes)
Event: 3.398 Thread 0x000001311d7b6f20 nmethod 2651 0x000001310f43e190 code [0x000001310f43e320, 0x000001310f43e3f8]
Event: 3.399 Thread 0x000001311d7b6f20 2652       3       java.util.TreeMap::containsKey (14 bytes)
Event: 3.399 Thread 0x000001311d7b6f20 nmethod 2652 0x0000013108379410 code [0x00000131083795c0, 0x0000013108379768]
Event: 3.399 Thread 0x000001311d7b6f20 2653       3       org.springframework.boot.autoconfigure.condition.ConditionEvaluationReport$ConditionAndOutcomes::add (20 bytes)
Event: 3.399 Thread 0x000001311d7b6f20 nmethod 2653 0x0000013108379810 code [0x00000131083799c0, 0x0000013108379d68]
Event: 3.399 Thread 0x000001311d7b6f20 2654       3       org.springframework.boot.autoconfigure.condition.ConditionEvaluationReport$ConditionAndOutcome::<init> (15 bytes)
Event: 3.400 Thread 0x000001311d7b6f20 nmethod 2654 0x0000013108379e90 code [0x000001310837a040, 0x000001310837a258]
Event: 3.406 Thread 0x000001311d7b6f20 2655       3       org.springframework.context.annotation.AnnotationConfigUtils::attributesFor (9 bytes)
Event: 3.407 Thread 0x000001311d7b6f20 nmethod 2655 0x000001310837a310 code [0x000001310837a540, 0x000001310837ae88]
Event: 3.407 Thread 0x000001311d7b6f20 2656       3       sun.reflect.annotation.AnnotationInvocationHandler::cloneArray (143 bytes)
Event: 3.408 Thread 0x000001311d7b6f20 nmethod 2656 0x000001310837b110 code [0x000001310837b400, 0x000001310837c888]
Event: 3.410 Thread 0x000001311d7b6f20 2658       3       org.springframework.core.annotation.TypeMappedAnnotation$$Lambda$63/0x0000000800c820e0::extract (6 bytes)
Event: 3.410 Thread 0x000001311d7b6f20 nmethod 2658 0x000001310837cb90 code [0x000001310837cd20, 0x000001310837ce68]
Event: 3.411 Thread 0x000001311d7b6f20 2660   !   3       sun.reflect.annotation.AnnotationParser::parseAnnotations (37 bytes)
Event: 3.411 Thread 0x000001311d7b6f20 nmethod 2660 0x000001310837cf10 code [0x000001310837d100, 0x000001310837d428]
Event: 3.411 Thread 0x000001311d7b6f20 2659       1       sun.reflect.generics.repository.AbstractRepository::getTree (5 bytes)
Event: 3.411 Thread 0x000001311d7b6f20 nmethod 2659 0x000001310f43e490 code [0x000001310f43e620, 0x000001310f43e6f8]

GC Heap History (4 events):
Event: 1.261 GC heap before
{Heap before GC invocations=0 (full 0):
 garbage-first heap   total 131072K, used 23552K [0x0000000081c00000, 0x0000000100000000)
  region size 1024K, 23 young (23552K), 0 survivors (0K)
 Metaspace       used 5300K, committed 5504K, reserved 1114112K
  class space    used 583K, committed 704K, reserved 1048576K
}
Event: 1.271 GC heap after
{Heap after GC invocations=1 (full 0):
 garbage-first heap   total 131072K, used 8491K [0x0000000081c00000, 0x0000000100000000)
  region size 1024K, 3 young (3072K), 3 survivors (3072K)
 Metaspace       used 5300K, committed 5504K, reserved 1114112K
  class space    used 583K, committed 704K, reserved 1048576K
}
Event: 2.379 GC heap before
{Heap before GC invocations=1 (full 0):
 garbage-first heap   total 131072K, used 32043K [0x0000000081c00000, 0x0000000100000000)
  region size 1024K, 26 young (26624K), 3 survivors (3072K)
 Metaspace       used 12015K, committed 12288K, reserved 1114112K
  class space    used 1463K, committed 1600K, reserved 1048576K
}
Event: 2.386 GC heap after
{Heap after GC invocations=2 (full 0):
 garbage-first heap   total 131072K, used 10497K [0x0000000081c00000, 0x0000000100000000)
  region size 1024K, 2 young (2048K), 2 survivors (2048K)
 Metaspace       used 12015K, committed 12288K, reserved 1114112K
  class space    used 1463K, committed 1600K, reserved 1048576K
}

Deoptimization events (20 events):
Event: 2.812 Thread 0x000001317fd39700 DEOPT PACKING pc=0x0000013107ff4f31 sp=0x0000000f191fda60
Event: 2.812 Thread 0x000001317fd39700 DEOPT UNPACKING pc=0x00000131078c2b43 sp=0x0000000f191fcf50 mode 0
Event: 2.813 Thread 0x000001317fd39700 DEOPT PACKING pc=0x0000013107fe9d66 sp=0x0000000f191fda90
Event: 2.813 Thread 0x000001317fd39700 DEOPT UNPACKING pc=0x00000131078c2b43 sp=0x0000000f191fcf58 mode 0
Event: 2.813 Thread 0x000001317fd39700 DEOPT PACKING pc=0x0000013107ff4f31 sp=0x0000000f191fda60
Event: 2.813 Thread 0x000001317fd39700 DEOPT UNPACKING pc=0x00000131078c2b43 sp=0x0000000f191fcf50 mode 0
Event: 2.814 Thread 0x000001317fd39700 DEOPT PACKING pc=0x0000013107fe9d66 sp=0x0000000f191fda90
Event: 2.814 Thread 0x000001317fd39700 DEOPT UNPACKING pc=0x00000131078c2b43 sp=0x0000000f191fcf58 mode 0
Event: 2.814 Thread 0x000001317fd39700 DEOPT PACKING pc=0x0000013107ff4f31 sp=0x0000000f191fda60
Event: 2.814 Thread 0x000001317fd39700 DEOPT UNPACKING pc=0x00000131078c2b43 sp=0x0000000f191fcf50 mode 0
Event: 3.121 Thread 0x000001317fd39700 DEOPT PACKING pc=0x0000013107e6dc39 sp=0x0000000f191fd160
Event: 3.121 Thread 0x000001317fd39700 DEOPT UNPACKING pc=0x00000131078c2b43 sp=0x0000000f191fc660 mode 0
Event: 3.163 Thread 0x000001317fd39700 Uncommon trap: trap_request=0xffffff45 fr.pc=0x000001310f42277c relative=0x00000000000018bc
Event: 3.163 Thread 0x000001317fd39700 Uncommon trap: reason=unstable_if action=reinterpret pc=0x000001310f42277c method=jdk.internal.jimage.ImageLocation.verifyName(Ljava/lang/String;Ljava/lang/String;IIIIIILjdk/internal/jimage/ImageStrings;)Z @ 2 c2
Event: 3.163 Thread 0x000001317fd39700 DEOPT PACKING pc=0x000001310f42277c sp=0x0000000f191fcfa0
Event: 3.163 Thread 0x000001317fd39700 DEOPT UNPACKING pc=0x00000131078c23a3 sp=0x0000000f191fccb8 mode 2
Event: 3.281 Thread 0x000001317fd39700 Uncommon trap: trap_request=0xffffff45 fr.pc=0x000001310f432748 relative=0x00000000000001a8
Event: 3.281 Thread 0x000001317fd39700 Uncommon trap: reason=unstable_if action=reinterpret pc=0x000001310f432748 method=org.springframework.core.annotation.MergedAnnotationsCollection.isMappingForType(Lorg/springframework/core/annotation/AnnotationTypeMapping;Ljava/lang/Object;)Z @ 13 c2
Event: 3.281 Thread 0x000001317fd39700 DEOPT PACKING pc=0x000001310f432748 sp=0x0000000f191fd920
Event: 3.281 Thread 0x000001317fd39700 DEOPT UNPACKING pc=0x00000131078c23a3 sp=0x0000000f191fd8b0 mode 2

Classes loaded (20 events):
Event: 2.564 Loading class java/beans/SimpleBeanInfo done
Event: 2.564 Loading class java/beans/GenericBeanInfo done
Event: 2.566 Loading class java/util/Hashtable$EntrySet
Event: 2.566 Loading class java/util/Hashtable$EntrySet done
Event: 2.591 Loading class java/util/concurrent/ConcurrentLinkedDeque$Itr
Event: 2.591 Loading class java/util/concurrent/ConcurrentLinkedDeque$AbstractItr
Event: 2.591 Loading class java/util/concurrent/ConcurrentLinkedDeque$AbstractItr done
Event: 2.591 Loading class java/util/concurrent/ConcurrentLinkedDeque$Itr done
Event: 2.607 Loading class java/net/SocketException
Event: 2.607 Loading class java/net/SocketException done
Event: 2.665 Loading class java/util/regex/Pattern$BnM
Event: 2.665 Loading class java/util/regex/Pattern$BnM done
Event: 2.665 Loading class java/util/regex/Pattern$Pos
Event: 2.665 Loading class java/util/regex/Pattern$Pos done
Event: 2.741 Loading class javax/naming/ldap/LdapContext
Event: 2.741 Loading class javax/naming/directory/DirContext
Event: 2.741 Loading class javax/naming/directory/DirContext done
Event: 2.741 Loading class javax/naming/ldap/LdapContext done
Event: 2.998 Loading class java/nio/charset/CharacterCodingException
Event: 2.998 Loading class java/nio/charset/CharacterCodingException done

Classes unloaded (0 events):
No events

Classes redefined (0 events):
No events

Internal exceptions (20 events):
Event: 2.565 Thread 0x000001317fd39700 Exception <a 'java/lang/ClassNotFoundException'{0x00000000891bc2b8}: org/springframework/context/annotation/ConfigurationClassPostProcessorCustomizer> (0x00000000891bc2b8) 
thrown [s\open\src\hotspot\share\classfile\systemDictionary.cpp, line 255]
Event: 2.577 Thread 0x000001317fd39700 Exception <a 'java/lang/ClassNotFoundException'{0x0000000088f47b98}: org/springframework/beans/factory/support/BeanDefinitionRegistryPostProcessorCustomizer> (0x0000000088f47b98) 
thrown [s\open\src\hotspot\share\classfile\systemDictionary.cpp, line 255]
Event: 2.578 Thread 0x000001317fd39700 Exception <a 'java/lang/ClassNotFoundException'{0x0000000088f4c8a8}: org/springframework/beans/factory/config/BeanFactoryPostProcessorCustomizer> (0x0000000088f4c8a8) 
thrown [s\open\src\hotspot\share\classfile\systemDictionary.cpp, line 255]
Event: 2.579 Thread 0x000001317fd39700 Exception <a 'java/lang/ClassNotFoundException'{0x0000000088f51320}: org/springframework/core/PriorityOrderedCustomizer> (0x0000000088f51320) 
thrown [s\open\src\hotspot\share\classfile\systemDictionary.cpp, line 255]
Event: 2.580 Thread 0x000001317fd39700 Exception <a 'java/lang/ClassNotFoundException'{0x0000000088f549c8}: org/springframework/core/OrderedCustomizer> (0x0000000088f549c8) 
thrown [s\open\src\hotspot\share\classfile\systemDictionary.cpp, line 255]
Event: 2.580 Thread 0x000001317fd39700 Exception <a 'java/lang/ClassNotFoundException'{0x0000000088f592d8}: org/springframework/context/ResourceLoaderAwareCustomizer> (0x0000000088f592d8) 
thrown [s\open\src\hotspot\share\classfile\systemDictionary.cpp, line 255]
Event: 2.581 Thread 0x000001317fd39700 Exception <a 'java/lang/ClassNotFoundException'{0x0000000088f5dd10}: org/springframework/beans/factory/AwareCustomizer> (0x0000000088f5dd10) 
thrown [s\open\src\hotspot\share\classfile\systemDictionary.cpp, line 255]
Event: 2.582 Thread 0x000001317fd39700 Exception <a 'java/lang/ClassNotFoundException'{0x0000000088f61780}: org/springframework/context/ApplicationStartupAwareCustomizer> (0x0000000088f61780) 
thrown [s\open\src\hotspot\share\classfile\systemDictionary.cpp, line 255]
Event: 2.583 Thread 0x000001317fd39700 Exception <a 'java/lang/ClassNotFoundException'{0x0000000088f66440}: org/springframework/beans/factory/AwareCustomizer> (0x0000000088f66440) 
thrown [s\open\src\hotspot\share\classfile\systemDictionary.cpp, line 255]
Event: 2.584 Thread 0x000001317fd39700 Exception <a 'java/lang/ClassNotFoundException'{0x0000000088f69f08}: org/springframework/beans/factory/BeanClassLoaderAwareCustomizer> (0x0000000088f69f08) 
thrown [s\open\src\hotspot\share\classfile\systemDictionary.cpp, line 255]
Event: 2.584 Thread 0x000001317fd39700 Exception <a 'java/lang/ClassNotFoundException'{0x0000000088f6e928}: org/springframework/beans/factory/AwareCustomizer> (0x0000000088f6e928) 
thrown [s\open\src\hotspot\share\classfile\systemDictionary.cpp, line 255]
Event: 2.585 Thread 0x000001317fd39700 Exception <a 'java/lang/ClassNotFoundException'{0x0000000088f72130}: org/springframework/context/EnvironmentAwareCustomizer> (0x0000000088f72130) 
thrown [s\open\src\hotspot\share\classfile\systemDictionary.cpp, line 255]
Event: 2.586 Thread 0x000001317fd39700 Exception <a 'java/lang/ClassNotFoundException'{0x0000000088f76ae8}: org/springframework/beans/factory/AwareCustomizer> (0x0000000088f76ae8) 
thrown [s\open\src\hotspot\share\classfile\systemDictionary.cpp, line 255]
Event: 2.684 Thread 0x00000131231756c0 Exception <a 'java/lang/NoSuchMethodError'{0x0000000088aef458}: 'long java.lang.invoke.DirectMethodHandle$Holder.invokeStatic(java.lang.Object, java.lang.Object)'> (0x0000000088aef458) 
thrown [s\open\src\hotspot\share\interpreter\linkResolver.cpp, line 759]
Event: 2.685 Thread 0x00000131231756c0 Exception <a 'java/lang/NoSuchMethodError'{0x0000000088af2a50}: 'long java.lang.invoke.DirectMethodHandle$Holder.invokeStaticInit(java.lang.Object, java.lang.Object)'> (0x0000000088af2a50) 
thrown [s\open\src\hotspot\share\interpreter\linkResolver.cpp, line 759]
Event: 2.688 Thread 0x00000131231756c0 Exception <a 'java/lang/NoSuchMethodError'{0x0000000088975670}: 'long java.lang.invoke.DirectMethodHandle$Holder.invokeInterface(java.lang.Object, java.lang.Object)'> (0x0000000088975670) 
thrown [s\open\src\hotspot\share\interpreter\linkResolver.cpp, line 759]
Event: 2.689 Thread 0x00000131231756c0 Exception <a 'java/lang/IncompatibleClassChangeError'{0x0000000088978bf8}: Found class java.lang.Object, but interface was expected> (0x0000000088978bf8) 
thrown [s\open\src\hotspot\share\interpreter\linkResolver.cpp, line 826]
Event: 2.704 Thread 0x00000131231756c0 Exception <a 'java/lang/NoSuchMethodError'{0x00000000888169e0}: 'java.lang.Object java.lang.invoke.DirectMethodHandle$Holder.invokeVirtual(java.lang.Object, java.lang.Object, java.lang.Object, java.lang.Object)'> (0x00000000888169e0) 
thrown [s\open\src\hotspot\share\interpreter\linkResolver.cpp, line 759]
Event: 2.802 Thread 0x000001317fd39700 Exception <a 'java/lang/IncompatibleClassChangeError'{0x00000000885f9970}: Found class java.lang.Object, but interface was expected> (0x00000000885f9970) 
thrown [s\open\src\hotspot\share\interpreter\linkResolver.cpp, line 826]
Event: 2.855 Thread 0x000001317fd39700 Exception <a 'java/lang/NoSuchMethodError'{0x0000000088334858}: 'void java.lang.invoke.DirectMethodHandle$Holder.invokeInterface(java.lang.Object, java.lang.Object, java.lang.Object, java.lang.Object)'> (0x0000000088334858) 
thrown [s\open\src\hotspot\share\interpreter\linkResolver.cpp, line 759]

VM Operations (20 events):
Event: 1.688 Executing VM operation: HandshakeAllThreads
Event: 1.688 Executing VM operation: HandshakeAllThreads done
Event: 2.060 Executing VM operation: HandshakeAllThreads
Event: 2.060 Executing VM operation: HandshakeAllThreads done
Event: 2.102 Executing VM operation: HandshakeAllThreads
Event: 2.102 Executing VM operation: HandshakeAllThreads done
Event: 2.200 Executing VM operation: ICBufferFull
Event: 2.200 Executing VM operation: ICBufferFull done
Event: 2.379 Executing VM operation: G1CollectForAllocation
Event: 2.386 Executing VM operation: G1CollectForAllocation done
Event: 2.498 Executing VM operation: HandshakeAllThreads
Event: 2.498 Executing VM operation: HandshakeAllThreads done
Event: 2.562 Executing VM operation: HandshakeAllThreads
Event: 2.562 Executing VM operation: HandshakeAllThreads done
Event: 2.610 Executing VM operation: HandshakeAllThreads
Event: 2.610 Executing VM operation: HandshakeAllThreads done
Event: 3.108 Executing VM operation: ICBufferFull
Event: 3.109 Executing VM operation: ICBufferFull done
Event: 3.288 Executing VM operation: HandshakeAllThreads
Event: 3.288 Executing VM operation: HandshakeAllThreads done

Events (20 events):
Event: 0.046 Thread 0x000001311d7b6f20 Thread added: 0x000001311d7b6f20
Event: 0.046 Thread 0x0000013122100060 Thread added: 0x0000013122100060
Event: 0.177 Thread 0x000001311d777ee0 Thread added: 0x000001311d777ee0
Event: 0.221 Loaded shared library C:\Program Files\Java\jdk-18.0.2\bin\zip.dll
Event: 0.226 Loaded shared library C:\Program Files\Java\jdk-18.0.2\bin\instrument.dll
Event: 0.236 Loaded shared library C:\Program Files\Java\jdk-18.0.2\bin\net.dll
Event: 0.239 Loaded shared library C:\Program Files\Java\jdk-18.0.2\bin\nio.dll
Event: 0.246 Loaded shared library C:\Program Files\Java\jdk-18.0.2\bin\zip.dll
Event: 0.263 Loaded shared library C:\Users\hanna\AppData\Local\JetBrains\Toolbox\apps\IDEA-C\ch-0\223.8214.52\bin\breakgen64.dll
Event: 0.264 Thread 0x0000013122232ea0 Thread added: 0x0000013122232ea0
Event: 0.264 Thread 0x0000013122262400 Thread added: 0x0000013122262400
Event: 0.311 Thread 0x00000131222ee820 Thread added: 0x00000131222ee820
Event: 0.400 Loaded shared library C:\Program Files\Java\jdk-18.0.2\bin\verify.dll
Event: 0.571 Loaded shared library C:\Program Files\Java\jdk-18.0.2\bin\jimage.dll
Event: 2.148 Loaded shared library C:\Program Files\Java\jdk-18.0.2\bin\management.dll
Event: 2.152 Loaded shared library C:\Program Files\Java\jdk-18.0.2\bin\management_ext.dll
Event: 2.281 Thread 0x00000131231756c0 Thread added: 0x00000131231756c0
Event: 2.707 Thread 0x00000131231756c0 Thread exited: 0x00000131231756c0
Event: 2.727 Thread 0x00000131231756c0 Thread added: 0x00000131231756c0
Event: 2.753 Thread 0x00000131231756c0 Thread exited: 0x00000131231756c0


Dynamic libraries:
0x00007ff6bd210000 - 0x00007ff6bd220000 	C:\Program Files\Java\jdk-18.0.2\bin\java.exe
0x00007fff6d580000 - 0x00007fff6d760000 	C:\Windows\SYSTEM32\ntdll.dll
0x00007fff6b170000 - 0x00007fff6b21e000 	C:\Windows\System32\KERNEL32.DLL
0x00007fff6a7e0000 - 0x00007fff6aa46000 	C:\Windows\System32\KERNELBASE.dll
0x00007fff6a5f0000 - 0x00007fff6a6e6000 	C:\Windows\System32\ucrtbase.dll
0x00007fff60070000 - 0x00007fff60088000 	C:\Program Files\Java\jdk-18.0.2\bin\jli.dll
0x00007fff5f720000 - 0x00007fff5f73a000 	C:\Program Files\Java\jdk-18.0.2\bin\VCRUNTIME140.dll
0x00007fff6b0c0000 - 0x00007fff6b161000 	C:\Windows\System32\ADVAPI32.dll
0x00007fff6b340000 - 0x00007fff6b3dd000 	C:\Windows\System32\msvcrt.dll
0x00007fff6ad40000 - 0x00007fff6ad9b000 	C:\Windows\System32\sechost.dll
0x00007fff6ac20000 - 0x00007fff6ad3f000 	C:\Windows\System32\RPCRT4.dll
0x00007fff6bc60000 - 0x00007fff6bdef000 	C:\Windows\System32\USER32.dll
0x00007fff69980000 - 0x00007fff699a0000 	C:\Windows\System32\win32u.dll
0x00007fff62db0000 - 0x00007fff63019000 	C:\Windows\WinSxS\amd64_microsoft.windows.common-controls_6595b64144ccf1df_6.0.16299.98_none_cc930a042215c348\COMCTL32.dll
0x00007fff6d510000 - 0x00007fff6d538000 	C:\Windows\System32\GDI32.dll
0x00007fff6b940000 - 0x00007fff6bc48000 	C:\Windows\System32\combase.dll
0x00007fff6a450000 - 0x00007fff6a5e3000 	C:\Windows\System32\gdi32full.dll
0x00007fff6a6f0000 - 0x00007fff6a78b000 	C:\Windows\System32\msvcp_win.dll
0x00007fff699a0000 - 0x00007fff69a12000 	C:\Windows\System32\bcryptPrimitives.dll
0x00007fff68e30000 - 0x00007fff68e3a000 	C:\Windows\SYSTEM32\VERSION.dll
0x00007fff6aa50000 - 0x00007fff6aa7d000 	C:\Windows\System32\IMM32.DLL
0x00007fff68e90000 - 0x00007fff68ec1000 	C:\Windows\system32\nvinitx.dll
0x000000000f000000 - 0x000000000f006000 	C:\Program Files\NVIDIA Corporation\CoProcManager\_etoured.dll
0x00007fff66240000 - 0x00007fff66272000 	C:\Program Files\NVIDIA Corporation\CoProcManager\nvd3d9wrapx.dll
0x00007fff6b3e0000 - 0x00007fff6b82e000 	C:\Windows\System32\SETUPAPI.dll
0x00007fff6a790000 - 0x00007fff6a7da000 	C:\Windows\System32\cfgmgr32.dll
0x00007fff661d0000 - 0x00007fff661f2000 	C:\Program Files\NVIDIA Corporation\CoProcManager\nvdxgiwrapx.dll
0x00007fff67c10000 - 0x00007fff67c1c000 	C:\Program Files\Java\jdk-18.0.2\bin\vcruntime140_1.dll
0x00007fff5d680000 - 0x00007fff5d70d000 	C:\Program Files\Java\jdk-18.0.2\bin\msvcp140.dll
0x00007fff2ba50000 - 0x00007fff2c661000 	C:\Program Files\Java\jdk-18.0.2\bin\server\jvm.dll
0x00007fff6d540000 - 0x00007fff6d548000 	C:\Windows\System32\PSAPI.DLL
0x00007fff67a50000 - 0x00007fff67a73000 	C:\Windows\SYSTEM32\WINMM.dll
0x00007fff5c3f0000 - 0x00007fff5c3f9000 	C:\Windows\SYSTEM32\WSOCK32.dll
0x00007fff6ada0000 - 0x00007fff6ae0c000 	C:\Windows\System32\WS2_32.dll
0x00007fff67720000 - 0x00007fff6774a000 	C:\Windows\SYSTEM32\winmmbase.dll
0x00007fff698d0000 - 0x00007fff698e1000 	C:\Windows\System32\kernel.appcore.dll
0x00007fff600e0000 - 0x00007fff600ea000 	C:\Program Files\Java\jdk-18.0.2\bin\jimage.dll
0x00007fff59e90000 - 0x00007fff5a058000 	C:\Windows\SYSTEM32\DBGHELP.DLL
0x00007fff59db0000 - 0x00007fff59dd9000 	C:\Windows\SYSTEM32\dbgcore.DLL
0x00007fff667d0000 - 0x00007fff667de000 	C:\Program Files\Java\jdk-18.0.2\bin\instrument.dll
0x00007fff5e030000 - 0x00007fff5e055000 	C:\Program Files\Java\jdk-18.0.2\bin\java.dll
0x00007fff4be80000 - 0x00007fff4bf56000 	C:\Program Files\Java\jdk-18.0.2\bin\jsvml.dll
0x00007fff6bdf0000 - 0x00007fff6d226000 	C:\Windows\System32\SHELL32.dll
0x00007fff6b890000 - 0x00007fff6b936000 	C:\Windows\System32\shcore.dll
0x00007fff69a20000 - 0x00007fff6a167000 	C:\Windows\System32\windows.storage.dll
0x00007fff6ae10000 - 0x00007fff6ae61000 	C:\Windows\System32\shlwapi.dll
0x00007fff69930000 - 0x00007fff6997c000 	C:\Windows\System32\powrprof.dll
0x00007fff698f0000 - 0x00007fff6990b000 	C:\Windows\System32\profapi.dll
0x00007fff5d930000 - 0x00007fff5d948000 	C:\Program Files\Java\jdk-18.0.2\bin\zip.dll
0x00007fff5ed50000 - 0x00007fff5ed63000 	C:\Program Files\Java\jdk-18.0.2\bin\net.dll
0x00007fff63d80000 - 0x00007fff63e5e000 	C:\Windows\SYSTEM32\WINHTTP.dll
0x00007fff69160000 - 0x00007fff691c6000 	C:\Windows\system32\mswsock.dll
0x00007fff5e010000 - 0x00007fff5e026000 	C:\Program Files\Java\jdk-18.0.2\bin\nio.dll
0x00007fff63970000 - 0x00007fff6398a000 	C:\Users\hanna\AppData\Local\JetBrains\Toolbox\apps\IDEA-C\ch-0\223.8214.52\bin\breakgen64.dll
0x00007fff5d7d0000 - 0x00007fff5d7e0000 	C:\Program Files\Java\jdk-18.0.2\bin\verify.dll
0x00007fff667c0000 - 0x00007fff667c9000 	C:\Program Files\Java\jdk-18.0.2\bin\management.dll
0x00007fff65fd0000 - 0x00007fff65fdb000 	C:\Program Files\Java\jdk-18.0.2\bin\management_ext.dll
0x00007fff559b0000 - 0x00007fff559c6000 	C:\Windows\system32\napinsp.dll
0x00007fff55990000 - 0x00007fff559aa000 	C:\Windows\system32\pnrpnsp.dll
0x00007fff66430000 - 0x00007fff66448000 	C:\Windows\system32\NLAapi.dll
0x00007fff68f30000 - 0x00007fff68fe6000 	C:\Windows\SYSTEM32\DNSAPI.dll
0x00007fff6b0b0000 - 0x00007fff6b0b8000 	C:\Windows\System32\NSI.dll
0x00007fff68ef0000 - 0x00007fff68f29000 	C:\Windows\SYSTEM32\IPHLPAPI.DLL
0x00007fff55870000 - 0x00007fff5587e000 	C:\Windows\System32\winrnr.dll
0x00007fff55850000 - 0x00007fff55865000 	C:\Windows\System32\wshbth.dll
0x00007fff611b0000 - 0x00007fff611ba000 	C:\Windows\System32\rasadhlp.dll
0x00007fff611d0000 - 0x00007fff61240000 	C:\Windows\System32\fwpuclnt.dll
0x00007fff69430000 - 0x00007fff69455000 	C:\Windows\SYSTEM32\bcrypt.dll

dbghelp: loaded successfully - version: 4.0.5 - missing functions: none
symbol engine: initialized successfully - sym options: 0x614 - pdb path: .;C:\Program Files\Java\jdk-18.0.2\bin;C:\Windows\SYSTEM32;C:\Windows\WinSxS\amd64_microsoft.windows.common-controls_6595b64144ccf1df_6.0.16299.98_none_cc930a042215c348;C:\Program Files\NVIDIA Corporation\CoProcManager;C:\Program Files\Java\jdk-18.0.2\bin\server;C:\Users\hanna\AppData\Local\JetBrains\Toolbox\apps\IDEA-C\ch-0\223.8214.52\bin

VM Arguments:
jvm_args: -ea -Didea.test.cyclic.buffer.size=1048576 -javaagent:C:\Users\hanna\AppData\Local\JetBrains\Toolbox\apps\IDEA-C\ch-0\223.8214.52\lib\idea_rt.jar=57687:C:\Users\hanna\AppData\Local\JetBrains\Toolbox\apps\IDEA-C\ch-0\223.8214.52\bin -Dfile.encoding=UTF-8 -Dsun.stdout.encoding=UTF-8 -Dsun.stderr.encoding=UTF-8 
java_command: com.intellij.rt.junit.JUnitStarter -ideVersion5 -junit4 com.genspark.studentmanagement.service.StudentServiceTest,getAllStudentsTest
java_class_path (initial): C:\Users\hanna\AppData\Local\JetBrains\Toolbox\apps\IDEA-C\ch-0\223.8214.52\lib\idea_rt.jar;C:\Users\hanna\AppData\Local\JetBrains\Toolbox\apps\IDEA-C\ch-0\223.8214.52\plugins\junit\lib\junit5-rt.jar;C:\Users\hanna\AppData\Local\JetBrains\Toolbox\apps\IDEA-C\ch-0\223.8214.52\plugins\junit\lib\junit-rt.jar;D:\GenSpark\IntelliJ-workspace\student-managment\target\test-classes;D:\GenSpark\IntelliJ-workspace\student-managment\target\classes;C:\Users\hanna\.m2\repository\org\springframework\boot\spring-boot-starter-data-jpa\2.7.8\spring-boot-starter-data-jpa-2.7.8.jar;C:\Users\hanna\.m2\repository\org\springframework\boot\spring-boot-starter-aop\2.7.8\spring-boot-starter-aop-2.7.8.jar;C:\Users\hanna\.m2\repository\org\springframework\spring-aop\5.3.25\spring-aop-5.3.25.jar;C:\Users\hanna\.m2\repository\org\aspectj\aspectjweaver\1.9.7\aspectjweaver-1.9.7.jar;C:\Users\hanna\.m2\repository\org\springframework\boot\spring-boot-starter-jdbc\2.7.8\spring-boot-starter-jdbc-2.7.8.jar;C:\Users\hanna\.m2\repository\com\zaxxer\HikariCP\4.0.3\HikariCP-4.0.3.jar;C:\Users\hanna\.m2\repository\org\springframework\spring-jdbc\5.3.25\spring-jdbc-5.3.25.jar;C:\Users\hanna\.m2\repository\jakarta\transaction\jakarta.transaction-api\1.3.3\jakarta.transaction-api-1.3.3.jar;C:\Users\hanna\.m2\repository\jakarta\persistence\jakarta.persistence-api\2.2.3\jakarta.persistence-api-2.2.3.jar;C:\Users\hanna\.m2\repository\org\hibernate\hibernate-core\5.6.14.Final\hibernate-core-5.6.14.Final.jar;C:\Users\hanna\.m2\repository\org\jboss\logging\jboss-logging\3.4.3.Final\jboss-logging-3.4.3.Final.jar;C:\Users\hanna\.m2\repository\net\bytebuddy\byte-buddy\1.12.22\byte-buddy-1.12.22.jar;C:\Users\hanna\.m2\repository\antlr\antlr\2.7.7\antlr-2.7.7.jar;C:\Users\hanna\.m2\repository\org\jboss\jandex\2.4.2.Final\jandex-2.4.2.Final.jar;C:\Users\hanna\.m2\repository\com\fasterxml\classmate\1.5.1\classmate-1.5.1.jar;C:\Users\hanna\.m2\repository\org\hibernate\common\hibernate-commons-annotations\5.1.2.Final\hibernate-commons-annotations-5.1.2.Final.jar;C:\Users\hanna\.m2\repository\org\glassfish\jaxb\jaxb-runtime\2.3.7\jaxb-runtime-2.3.7.jar;C:\Users\hanna\.m2\repository\org\glassfish\jaxb\txw2\2.3.7\txw2-2.3.7.jar;C:\Users\hanna\.m2\repository\com\sun\istack\istack-commons-runtime\3.0.12\istack-commons-runtime-3.0.12.jar;C:\Users\hanna\.m2\repository\com\sun\activation\jakarta.activation\1.2.2\jakarta.activation-1.2.2.jar;C:\Users\hanna\.m2\repository\org\springframework\data\spring-data-jpa\2.7.7\spring-data-jpa-2.7.7.jar;C:\Users\hanna\.m2\repository\org\springframework\data\spring-data-commons\2.7.7\spring-data-commons-2.7.7.jar;C:\Users\hanna\.m2\repository\org\springframework\spring-orm\5.3.25\spring-orm-5.3.25.jar;C:\Users\hanna\.m2\repository\org\springframework\spring-context\5.3.25\spring-context-5.3.25.jar;C:\Users\hanna\.m2\repository\org\springframework\spring-tx\5.3.25\spring-tx-5.3.25.jar;C:\Users\hanna\.m2\repository\org\springframework\spring-beans\5.3.25\spring-beans-5.3.25.jar;C:\Users\hanna\.m2\repository\org\slf4j\slf4j-api\1.7.36\slf4j-api-1.7.36.jar;C:\Users\hanna\.m2\repository\org\springframework\spring-aspects\5.3.25\spring-aspects-5.3.25.jar;C:\Users\hanna\.m2\repository\org\springframework\boot\spring-boot-starter-web\2.7.8\spring-boot-starter-web-2.7.8.jar;C:\Users\hanna\.m2\repository\org\springframework\boot\spring-boot-starter\2.7.8\spring-boot-starter-2.7.8.jar;C:\Users\hanna\.m2\repository\org\springframework\boot\spring-boot\2.7.8\spring-boot-2.7.8.jar;C:\Users\hanna\.m2\repository\org\springframework\boot\spring-boot-autoconfigure\2.7.8\spring-boot-autoconfigure-2.7.8.jar;C:\Users\hanna\.m2\repository\org\springframework\boot\spring-boot-starter-logging\2.7.8\spring-boot-starter-logging-2.7.8.jar;C:\Users\hanna\.m2\repository\ch\qos\logback\logback-classic\1.2.11\logback-classic-1.2.11.jar;C:\Users\hanna\.m2\repository\ch\qos\logback\logback-core\1.2.11\logback-core-1.2.11.jar;C:\Users\hanna\.m2\repository\org\apache\logging\log4j\log4j-to-slf4j\2.17.2\log4j-to-slf4j-2.17.2.jar;C:\Users\hanna\.m2\repository\org\apache\logging\log4j\log4j-api\2.17.2\log4j-api-2.17.2.jar;C:\Users\hanna\.m2\repository\org\slf4j\jul-to-slf4j\1.7.36\jul-to-slf4j-1.7.36.jar;C:\Users\hanna\.m2\repository\jakarta\annotation\jakarta.annotation-api\1.3.5\jakarta.annotation-api-1.3.5.jar;C:\Users\hanna\.m2\repository\org\yaml\snakeyaml\1.30\snakeyaml-1.30.jar;C:\Users\hanna\.m2\repository\org\springframework\boot\spring-boot-starter-json\2.7.8\spring-boot-starter-json-2.7.8.jar;C:\Users\hanna\.m2\repository\com\fasterxml\jackson\core\jackson-databind\2.13.4.2\jackson-databind-2.13.4.2.jar;C:\Users\hanna\.m2\repository\com\fasterxml\jackson\core\jackson-annotations\2.13.4\jackson-annotations-2.13.4.jar;C:\Users\hanna\.m2\repository\com\fasterxml\jackson\core\jackson-core\2.13.4\jackson-core-2.13.4.jar;C:\Users\hanna\.m2\repository\com\fasterxml\jackson\datatype\jackson-datatype-jdk8\2.13.4\jackson-datatype-jdk8-2.13.4.jar;C:\Users\hanna\.m2\repository\com\fasterxml\jackson\datatype\jackson-datatype-jsr310\2.13.4\jackson-datatype-jsr310-2.13.4.jar;C:\Users\hanna\.m2\repository\com\fasterxml\jackson\module\jackson-module-parameter-names\2.13.4\jackson-module-parameter-names-2.13.4.jar;C:\Users\hanna\.m2\repository\org\springframework\boot\spring-boot-starter-tomcat\2.7.8\spring-boot-starter-tomcat-2.7.8.jar;C:\Users\hanna\.m2\repository\org\apache\tomcat\embed\tomcat-embed-core\9.0.71\tomcat-embed-core-9.0.71.jar;C:\Users\hanna\.m2\repository\org\apache\tomcat\embed\tomcat-embed-el\9.0.71\tomcat-embed-el-9.0.71.jar;C:\Users\hanna\.m2\repository\org\apache\tomcat\embed\tomcat-embed-websocket\9.0.71\tomcat-embed-websocket-9.0.71.jar;C:\Users\hanna\.m2\repository\org\springframework\spring-web\5.3.25\spring-web-5.3.25.jar;C:\Users\hanna\.m2\repository\org\springframework\spring-webmvc\5.3.25\spring-webmvc-5.3.25.jar;C:\Users\hanna\.m2\repository\org\springframework\spring-expression\5.3.25\spring-expression-5.3.25.jar;C:\Users\hanna\.m2\repository\org\apache\derby\derby\10.14.2.0\derby-10.14.2.0.jar;C:\Users\hanna\.m2\repository\com\mysql\mysql-connector-j\8.0.32\mysql-connector-j-8.0.32.jar;C:\Users\hanna\.m2\repository\org\projectlombok\lombok\1.18.24\lombok-1.18.24.jar;C:\Users\hanna\.m2\repository\org\springframework\boot\spring-boot-starter-test\2.7.8\spring-boot-starter-test-2.7.8.jar;C:\Users\hanna\.m2\repository\org\springframework\boot\spring-boot-test\2.7.8\spring-boot-test-2.7.8.jar;C:\Users\hanna\.m2\repository\org\springframework\boot\spring-boot-test-autoconfigure\2.7.8\spring-boot-test-autoconfigure-2.7.8.jar;C:\Users\hanna\.m2\repository\com\jayway\jsonpath\json-path\2.7.0\json-path-2.7.0.jar;C:\Users\hanna\.m2\repository\net\minidev\json-smart\2.4.8\json-smart-2.4.8.jar;C:\Users\hanna\.m2\repository\net\minidev\accessors-smart\2.4.8\accessors-smart-2.4.8.jar;C:\Users\hanna\.m2\repository\org\ow2\asm\asm\9.1\asm-9.1.jar;C:\Users\hanna\.m2\repository\jakarta\xml\bind\jakarta.xml.bind-api\2.3.3\jakarta.xml.bind-api-2.3.3.jar;C:\Users\hanna\.m2\repository\jakarta\activation\jakarta.activation-api\1.2.2\jakarta.activation-api-1.2.2.jar;C:\Users\hanna\.m2\repository\org\assertj\assertj-core\3.22.0\assertj-core-3.22.0.jar;C:\Users\hanna\.m2\repository\org\hamcrest\hamcrest\2.2\hamcrest-2.2.jar;C:\Users\hanna\.m2\repository\org\junit\jupiter\junit-jupiter\5.8.2\junit-jupiter-5.8.2.jar;C:\Users\hanna\.m2\repository\org\junit\jupiter\junit-jupiter-api\5.8.2\junit-jupiter-api-5.8.2.jar;C:\Users\hanna\.m2\repository\org\opentest4j\opentest4j\1.2.0\opentest4j-1.2.0.jar;C:\Users\hanna\.m2\repository\org\junit\platform\junit-platform-commons\1.8.2\junit-platform-commons-1.8.2.jar;C:\Users\hanna\.m2\repository\org\apiguardian\apiguardian-api\1.1.2\apiguardian-api-1.1.2.jar;C:\Users\hanna\.m2\repository\org\junit\jupiter\junit-jupiter-params\5.8.2\junit-jupiter-params-5.8.2.jar;C:\Users\hanna\.m2\repository\org\junit\jupiter\junit-jupiter-engine\5.8.2\junit-jupiter-engine-5.8.2.jar;C:\Users\hanna\.m2\repository\org\junit\platform\junit-platform-engine\1.8.2\junit-platform-engine-1.8.2.jar;C:\Users\hanna\.m2\repository\org\mockito\mockito-core\4.5.1\mockito-core-4.5.1.jar;C:\Users\hanna\.m2\repository\net\bytebuddy\byte-buddy-agent\1.12.22\byte-buddy-agent-1.12.22.jar;C:\Users\hanna\.m2\repository\org\objenesis\objenesis\3.2\objenesis-3.2.jar;C:\Users\hanna\.m2\repository\org\mockito\mockito-junit-jupiter\4.5.1\mockito-junit-jupiter-4.5.1.jar;C:\Users\hanna\.m2\repository\org\skyscreamer\jsonassert\1.5.1\jsonassert-1.5.1.jar;C:\Users\hanna\.m2\repository\com\vaadin\external\google\android-json\0.0.20131108.vaadin1\android-json-0.0.20131108.vaadin1.jar;C:\Users\hanna\.m2\repository\org\springframework\spring-core\5.3.25\spring-core-5.3.25.jar;C:\Users\hanna\.m2\repository\org\springframework\spring-jcl\5.3.25\spring-jcl-5.3.25.jar;C:\Users\hanna\.m2\repository\org\springframework\spring-test\5.3.25\spring-test-5.3.25.jar;C:\Users\hanna\.m2\repository\org\xmlunit\xmlunit-core\2.9.1\xmlunit-core-2.9.1.jar;C:\Users\hanna\.m2\repository\junit\junit\4.13.2\junit-4.13.2.jar;C:\Users\hanna\.m2\repository\org\hamcrest\hamcrest-core\2.2\hamcrest-core-2.2.jar;C:\Users\hanna\.m2\repository\org\mockito\mockito-all\1.10.19\mockito-all-1.10.19.jar
Launcher Type: SUN_STANDARD

[Global flags]
     intx CICompilerCount                          = 4                                         {product} {ergonomic}
     uint ConcGCThreads                            = 2                                         {product} {ergonomic}
     uint G1ConcRefinementThreads                  = 8                                         {product} {ergonomic}
   size_t G1HeapRegionSize                         = 1048576                                   {product} {ergonomic}
    uintx GCDrainStackTargetSize                   = 64                                        {product} {ergonomic}
   size_t InitialHeapSize                          = 134217728                                 {product} {ergonomic}
   size_t MarkStackSize                            = 4194304                                   {product} {ergonomic}
   size_t MaxHeapSize                              = 2118123520                                {product} {ergonomic}
   size_t MaxNewSize                               = 1270874112                                {product} {ergonomic}
   size_t MinHeapDeltaBytes                        = 1048576                                   {product} {ergonomic}
   size_t MinHeapSize                              = 8388608                                   {product} {ergonomic}
    uintx NonNMethodCodeHeapSize                   = 5839372                                {pd product} {ergonomic}
    uintx NonProfiledCodeHeapSize                  = 122909434                              {pd product} {ergonomic}
    uintx ProfiledCodeHeapSize                     = 122909434                              {pd product} {ergonomic}
    uintx ReservedCodeCacheSize                    = 251658240                              {pd product} {ergonomic}
     bool SegmentedCodeCache                       = true                                      {product} {ergonomic}
   size_t SoftMaxHeapSize                          = 2118123520                             {manageable} {ergonomic}
     bool UseCompressedClassPointers               = true                           {product lp64_product} {ergonomic}
     bool UseCompressedOops                        = true                           {product lp64_product} {ergonomic}
     bool UseG1GC                                  = true                                      {product} {ergonomic}
     bool UseLargePagesIndividualAllocation        = false                                  {pd product} {ergonomic}

Logging:
Log output configuration:
 #0: stdout all=warning uptime,level,tags foldmultilines=false
 #1: stderr all=off uptime,level,tags foldmultilines=false

Environment Variables:
JAVA_HOME=C:\Program Files\Java\jdk-18.0.2
PATH=C:\Program Files\Common Files\Oracle\Java\javapath;C:\Windows\system32;C:\Windows;C:\Windows\System32\Wbem;C:\Windows\System32\WindowsPowerShell\v1.0\;C:\Program Files\Git\cmd;C:\Program Files\Java\jdk-18.0.2\bin;C:\Program Files\apache-maven-3.8.6\bin;C:\Program Files\nodejs\;C:\Program Files\MySQL\MySQL Shell 8.0\bin\;C:\Users\hanna\AppData\Local\Microsoft\WindowsApps;C:\Users\hanna\AppData\Local\Programs\Microsoft VS Code\bin;C:\Users\hanna\AppData\Roaming\npm;C:\Users\hanna\AppData\Local\GitHubDesktop\bin;C:\Users\hanna\AppData\Local\JetBrains\Toolbox\scripts;
USERNAME=hanna
OS=Windows_NT
PROCESSOR_IDENTIFIER=Intel64 Family 6 Model 42 Stepping 7, GenuineIntel



---------------  S Y S T E M  ---------------

OS:
 Windows 10 , 64 bit Build 16299 (10.0.16299.15)
OS uptime: 0 days 23:08 hours

CPU: total 8 (initial active 8) (4 cores per cpu, 2 threads per core) family 6 model 42 stepping 7 microcode 0x2e, cx8, cmov, fxsr, ht, mmx, sse, sse2, sse3, ssse3, sse4.1, sse4.2, popcnt, tsc, tscinvbit, avx, aes, clmul, vzeroupper, clflush

Memory: 4k page, system-wide physical 8072M (589M free)
TotalPageFile size 14245M (AvailPageFile size 5M)
current process WorkingSet (physical memory assigned to process): 138M, peak: 138M
current process commit charge ("private bytes"): 261M, peak: 262M

vm_info: Java HotSpot(TM) 64-Bit Server VM (18.0.2+9-61) for windows-amd64 JRE (18.0.2+9-61), built on Jun  7 2022 13:09:01 by "mach5one" with MS VC++ 16.8 / 16.9 (VS2019)

END.
